<?xml version="1.0" encoding="UTF-8"?>
<!-- Generated by org.testng.reporters.JUnitXMLReporter -->
<testsuite ignored="0" hostname="ebadbcbdbafbdecbccfaabacdfdabdafecefecf-0" failures="0" tests="1" name="Test" time="0.132" errors="0" timestamp="2023-08-07T08:50:03 UTC">
  <testcase classname="ai.iamneo.testing.Testing_Selenium_TestNg.AppTest" name="@BeforeTest setup" time="0.076">
    <failure type="org.openqa.selenium.WebDriverException" message="Cannot find firefox binary in PATH. Make sure firefox is installed. OS appears to be: LINUX
Build info: version: &amp;apos;4.1.0&amp;apos;, revision: &amp;apos;87802e897b&amp;apos;
System info: host: &amp;apos;ebadbcbdbafbdecbccfaabacdfdabdafecefecf-0&amp;apos;, ip: &amp;apos;10.56.98.4&amp;apos;, os.name: &amp;apos;Linux&amp;apos;, os.arch: &amp;apos;amd64&amp;apos;, os.version: &amp;apos;5.10.162+&amp;apos;, java.version: &amp;apos;11.0.18&amp;apos;
Driver info: driver.version: FirefoxDriver">
      <![CDATA[org.openqa.selenium.WebDriverException: Cannot find firefox binary in PATH. Make sure firefox is installed. OS appears to be: LINUX
Build info: version: '4.1.0', revision: '87802e897b'
System info: host: 'ebadbcbdbafbdecbccfaabacdfdabdafecefecf-0', ip: '10.56.98.4', os.name: 'Linux', os.arch: 'amd64', os.version: '5.10.162+', java.version: '11.0.18'
Driver info: driver.version: FirefoxDriver
at org.openqa.selenium.firefox.FirefoxBinary.<init>(FirefoxBinary.java:95)
at java.base/java.util.Optional.orElseGet(Optional.java:369)
at org.openqa.selenium.firefox.FirefoxOptions.getBinary(FirefoxOptions.java:189)
at org.openqa.selenium.firefox.GeckoDriverService$Builder.withOptions(GeckoDriverService.java:179)
at org.openqa.selenium.firefox.FirefoxDriver.toExecutor(FirefoxDriver.java:232)
at org.openqa.selenium.firefox.FirefoxDriver.<init>(FirefoxDriver.java:186)
at org.openqa.selenium.firefox.FirefoxDriver.<init>(FirefoxDriver.java:164)
at ai.iamneo.testing.Testing_Selenium_TestNg.AppTest.setup(AppTest.java:12)
... Removed 28 stack frames]]>
    </failure>
  </testcase> <!-- @BeforeTest setup -->
  <testcase classname="ai.iamneo.testing.Testing_Selenium_TestNg.AppTest" name="@AfterTest teardown" time="-1.691398203803E9">
    <skipped/>
  </testcase> <!-- @AfterTest teardown -->
  <testcase classname="ai.iamneo.testing.Testing_Selenium_TestNg.AppTest" name="testNavigation" time="0.0">
    <skipped/>
  </testcase> <!-- testNavigation -->
</testsuite> <!-- Test -->
